<?xml version="1.0" encoding="UTF-8"?>
<testng-results ignored="0" total="1" passed="1" failed="0" skipped="0">
  <reporter-output>
  </reporter-output>
  <suite started-at="2020-05-18T21:20:04 PDT" name="Default suite" finished-at="2020-05-18T21:20:04 PDT" duration-ms="106">
    <groups>
    </groups>
    <test started-at="2020-05-18T21:20:04 PDT" name="Default test" finished-at="2020-05-18T21:20:04 PDT" duration-ms="106">
      <class name="Samp.Test_Ne.SeleniumTest">
        <test-method signature="hello()[pri:0, instance:Samp.Test_Ne.SeleniumTest@6200f9cb]" started-at="2020-05-18T21:20:04 PDT" name="hello" finished-at="2020-05-18T21:20:04 PDT" duration-ms="22" status="PASS">
          <reporter-output>
          </reporter-output>
        </test-method> <!-- hello -->
      </class> <!-- Samp.Test_Ne.SeleniumTest -->
    </test> <!-- Default test -->
  </suite> <!-- Default suite -->
</testng-results>
