<?xml version="1.0" encoding="UTF-8"?>
<testng-results skipped="0" failed="0" ignored="0" total="0" passed="0">
  <reporter-output>
  </reporter-output>
  <suite name="GroupSmoke" duration-ms="0" started-at="2020-06-30T11:01:36 PDT" finished-at="2020-06-30T11:01:36 PDT">
    <groups>
      <group name="Smoke">
        <method signature="LoginPageTest.enter_Uname(java.lang.String, java.lang.String)[pri:0, instance:com.flipkart.TestCase.LoginPageTest@1613674b]" name="enter_Uname" class="com.flipkart.TestCase.LoginPageTest"/>
        <method signature="MyKartPageTest.verifyPlaceOrderButton()[pri:0, instance:com.flipkart.TestCase.MyKartPageTest@27ff5d15]" name="verifyPlaceOrderButton" class="com.flipkart.TestCase.MyKartPageTest"/>
        <method signature="PlaceOrderPageTest.verifyDeliveryAddress()[pri:0, instance:com.flipkart.TestCase.PlaceOrderPageTest@4e096385]" name="verifyDeliveryAddress" class="com.flipkart.TestCase.PlaceOrderPageTest"/>
      </group> <!-- Smoke -->
    </groups>
  </suite> <!-- GroupSmoke -->
</testng-results>
