<?xml version="1.0" encoding="UTF-8"?>
<!-- Generated by org.testng.reporters.JUnitXMLReporter -->
<testsuite hostname="DESKTOP-KD7RQOH" ignored="0" name="Test" tests="4" failures="0" timestamp="2020-05-30T18:59:42 PDT" time="103.138" errors="0">
  <testcase name="LoginTest" time="6.817" classname="com.qa_academy.TestCase.LandingPageTest"/>
  <testcase name="login_Test" time="18.273" classname="com.qa_academy.TestCase.LoginTestCase"/>
  <testcase name="login_Test" time="16.97" classname="com.qa_academy.TestCase.LoginTestCase"/>
  <testcase name="test_Title" time="0.267" classname="com.qa_academy.TestCase.LandingValidationTest"/>
</testsuite> <!-- Test -->
