<?xml version="1.0" encoding="UTF-8"?>
<!-- Generated by org.testng.reporters.JUnitXMLReporter -->
<testsuite hostname="DESKTOP-KD7RQOH" ignored="0" name="LoginValidation" tests="2" failures="0" timestamp="2020-06-10T18:55:42 PDT" time="1.527" errors="0">
  <testcase name="login_Test" time="0.0" classname="com.qa_academy.TestCase.LoginTestCase">
    <skipped/>
  </testcase> <!-- login_Test -->
  <testcase name="login_Test" time="0.0" classname="com.qa_academy.TestCase.LoginTestCase">
    <skipped/>
  </testcase> <!-- login_Test -->
</testsuite> <!-- LoginValidation -->
