<?xml version="1.0" encoding="UTF-8"?>
<!-- Generated by org.testng.reporters.JUnitXMLReporter -->
<testsuite ignored="0" hostname="DESKTOP-KD7RQOH" failures="1" tests="2" name="LandingPageValidation" time="35.975" errors="0" timestamp="2020-06-29T10:54:33 PDT">
  <testcase classname="com.qa_academy.TestCase.LandingValidationTest" name="test_Title" time="6.428">
    <failure type="java.lang.AssertionError" message="expected [FEATURED COURSES00] but found [FEATURED COURSES]">
      <![CDATA[java.lang.AssertionError: expected [FEATURED COURSES00] but found [FEATURED COURSES]
at com.qa_academy.TestCase.LandingValidationTest.test_Title(LandingValidationTest.java:38)
at java.base/java.lang.Thread.run(Thread.java:834)
]]>
    </failure>
  </testcase> <!-- test_Title -->
  <testcase classname="com.qa_academy.TestCase.LandingPageTest" name="Click_Login" time="14.24"/>
</testsuite> <!-- LandingPageValidation -->
