<?xml version="1.0" encoding="UTF-8"?>
<!-- Generated by org.testng.reporters.JUnitXMLReporter -->
<testsuite ignored="0" hostname="DESKTOP-KD7RQOH" failures="0" tests="0" time="0.049" errors="0" timestamp="2020-05-28T16:16:53 PDT">
  <testcase classname="com.qa_academy.TestCase.LandingPageTest" name="@BeforeTest LoginTest" time="0.022">
    <failure type="java.lang.NullPointerException">
      <![CDATA[java.lang.NullPointerException
at com.qa_academy.TestCase.LandingPageTest.LoginTest(LandingPageTest.java:18)
... Removed 33 stack frames]]>
    </failure>
  </testcase> <!-- @BeforeTest LoginTest -->
</testsuite>
