<?xml version="1.0" encoding="UTF-8"?>
<!-- Generated by org.testng.reporters.JUnitXMLReporter -->
<testsuite ignored="0" hostname="DESKTOP-KD7RQOH" failures="0" tests="7" name="MyKartPageTest" time="177.746" errors="0" timestamp="2020-06-24T09:14:54 PDT">
  <testcase classname="com.flipkart.TestCase.MyKartPageTest" name="deleteMyItem" time="18.687"/>
  <testcase classname="com.flipkart.TestCase.MyKartPageTest" name="display" time="3.799"/>
  <testcase classname="com.flipkart.TestCase.MyKartPageTest" name="saveLaterItem" time="13.308"/>
  <testcase classname="com.flipkart.TestCase.MyKartPageTest" name="verifyItemPrices" time="31.925"/>
  <testcase classname="com.flipkart.TestCase.MyKartPageTest" name="verifyPlaceOrderButton" time="4.798"/>
  <testcase classname="com.flipkart.TestCase.MyKartPageTest" name="verifyPriceItemCount" time="83.092"/>
  <testcase classname="com.flipkart.TestCase.MyKartPageTest" name="verifyTotalAmount" time="3.144"/>
</testsuite> <!-- MyKartPageTest -->
