<?xml version="1.0" encoding="UTF-8"?>
<!-- Generated by org.testng.reporters.JUnitXMLReporter -->
<testsuite ignored="4" hostname="DESKTOP-KD7RQOH" failures="0" tests="5" name="Smoke Testing" time="117.449" errors="0" timestamp="2020-06-25T12:49:58 PDT">
  <testcase classname="com.flipkart.TestCase.LoginPageTest" name="enter_Uname" time="2.19"/>
  <testcase classname="com.flipkart.TestCase.MyKartPageTest" name="verifyPlaceOrderButton" time="8.982"/>
  <testcase classname="com.flipkart.TestCase.MyKartPageTest" name="verifyPriceItemCount" time="3.063"/>
  <testcase classname="com.flipkart.TestCase.MyKartPageTest" name="verifyTotalAmount" time="1.402"/>
  <testcase classname="com.flipkart.TestCase.PlaceOrderPageTest" name="verifyDeliveryAddress" time="2.247"/>
  <testcase classname="com.flipkart.TestCase.MyKartPageTest" name="saveLaterItem" time="0.0">
    <ignored/>
  </testcase> <!-- saveLaterItem -->
  <testcase classname="com.flipkart.TestCase.MyKartPageTest" name="deleteMyItem" time="0.0">
    <ignored/>
  </testcase> <!-- deleteMyItem -->
  <testcase classname="com.flipkart.TestCase.MyKartPageTest" name="display" time="0.0">
    <ignored/>
  </testcase> <!-- display -->
  <testcase classname="com.flipkart.TestCase.MyKartPageTest" name="verifyItemPrices" time="0.0">
    <ignored/>
  </testcase> <!-- verifyItemPrices -->
</testsuite> <!-- Smoke Testing -->
