<?xml version="1.0" encoding="UTF-8"?>
<!-- Generated by org.testng.reporters.JUnitXMLReporter -->
<testsuite ignored="7" hostname="DESKTOP-KD7RQOH" failures="0" tests="3" name="Regression" time="0.231" errors="0" timestamp="2020-06-24T21:55:09 PDT">
  <testcase classname="TestNG_FrameWork.Sample" name="samp2" time="0.057"/>
  <testcase classname="TestNG_FrameWork.Car_Loan" name="carmobile_Login" time="0.005"/>
  <testcase classname="TestNG_FrameWork.Home_Loan" name="homemobile_Login" time="0.005"/>
  <testcase classname="TestNG_FrameWork.Home_Loan" name="homeapi_Singout" time="0.0">
    <ignored/>
  </testcase> <!-- homeapi_Singout -->
  <testcase classname="TestNG_FrameWork.Home_Loan" name="homeapi_Login" time="0.0">
    <ignored/>
  </testcase> <!-- homeapi_Login -->
  <testcase classname="TestNG_FrameWork.Car_Loan" name="carapi_Login" time="0.0">
    <ignored/>
  </testcase> <!-- carapi_Login -->
  <testcase classname="TestNG_FrameWork.Home_Loan" name="home_Singin" time="0.0">
    <ignored/>
  </testcase> <!-- home_Singin -->
  <testcase classname="TestNG_FrameWork.Home_Loan" name="homeweb_Login" time="0.0">
    <ignored/>
  </testcase> <!-- homeweb_Login -->
  <testcase classname="TestNG_FrameWork.Sample" name="samp1" time="0.0">
    <ignored/>
  </testcase> <!-- samp1 -->
  <testcase classname="TestNG_FrameWork.Car_Loan" name="carweb_Login" time="0.0">
    <ignored/>
  </testcase> <!-- carweb_Login -->
</testsuite> <!-- Regression -->
