<?xml version="1.0" encoding="UTF-8"?>
<!-- Generated by org.testng.reporters.JUnitXMLReporter -->
<testsuite hostname="DESKTOP-KD7RQOH" ignored="0" name="Command line test" tests="5" failures="1" timestamp="2020-06-30T09:29:23 PDT" time="0.085" errors="0">
  <testcase name="@BeforeMethod setUp" time="0.01" classname="com.flipkart.TestCase.ItemPageTest">
    <failure type="java.lang.NullPointerException">
      <![CDATA[java.lang.NullPointerException
at com.flipkart.TestBase.TestBase.Initialization(TestBase.java:55)
at com.flipkart.TestCase.ItemPageTest.setUp(ItemPageTest.java:35)
at java.util.ArrayList.forEach(ArrayList.java:1257)
... Removed 41 stack frames]]>
    </failure>
  </testcase> <!-- @BeforeMethod setUp -->
  <testcase name="@AfterMethod tearDown" time="-1.593534563619E9" classname="com.flipkart.TestCase.ItemPageTest">
    <skipped/>
  </testcase> <!-- @AfterMethod tearDown -->
  <testcase name="@BeforeMethod setUp" time="0.001" classname="com.flipkart.TestCase.KartHomePageTest">
    <failure type="java.lang.NullPointerException">
      <![CDATA[java.lang.NullPointerException
at com.flipkart.TestBase.TestBase.Initialization(TestBase.java:55)
at com.flipkart.TestCase.KartHomePageTest.setUp(KartHomePageTest.java:31)
at java.util.ArrayList.forEach(ArrayList.java:1257)
... Removed 41 stack frames]]>
    </failure>
  </testcase> <!-- @BeforeMethod setUp -->
  <testcase name="@AfterMethod teardown" time="-1.593534563624E9" classname="com.flipkart.TestCase.KartHomePageTest">
    <skipped/>
  </testcase> <!-- @AfterMethod teardown -->
  <testcase name="@BeforeMethod setUp" time="0.0" classname="com.flipkart.TestCase.MyKartPageTest">
    <failure type="java.lang.NullPointerException">
      <![CDATA[java.lang.NullPointerException
at com.flipkart.TestBase.TestBase.Initialization(TestBase.java:55)
at com.flipkart.TestCase.MyKartPageTest.setUp(MyKartPageTest.java:40)
at java.util.ArrayList.forEach(ArrayList.java:1257)
... Removed 41 stack frames]]>
    </failure>
  </testcase> <!-- @BeforeMethod setUp -->
  <testcase name="@AfterMethod tearDown" time="-1.593534563635E9" classname="com.flipkart.TestCase.MyKartPageTest">
    <skipped/>
  </testcase> <!-- @AfterMethod tearDown -->
  <testcase name="@BeforeMethod setUp" time="0.001" classname="com.flipkart.TestCase.PlaceOrderPageTest">
    <failure type="java.lang.NullPointerException">
      <![CDATA[java.lang.NullPointerException
at com.flipkart.TestBase.TestBase.Initialization(TestBase.java:55)
at com.flipkart.TestCase.PlaceOrderPageTest.setUp(PlaceOrderPageTest.java:37)
at java.util.ArrayList.forEach(ArrayList.java:1257)
... Removed 41 stack frames]]>
    </failure>
  </testcase> <!-- @BeforeMethod setUp -->
  <testcase name="@AfterMethod tearDown" time="-1.59353456364E9" classname="com.flipkart.TestCase.PlaceOrderPageTest">
    <skipped/>
  </testcase> <!-- @AfterMethod tearDown -->
  <testcase name="enterItem" time="0.0" classname="com.flipkart.TestCase.ItemPageTest">
    <skipped/>
  </testcase> <!-- enterItem -->
  <testcase name="click_Add" time="0.0" classname="com.flipkart.TestCase.KartHomePageTest">
    <skipped/>
  </testcase> <!-- click_Add -->
  <testcase name="enter_Uname" time="0.0" classname="com.flipkart.TestCase.LoginPageTest">
    <failure type="org.testng.TestNGException" message="
Parameter &amp;apos;username&amp;apos; is required by @Test on method enter_Uname but has not been marked @Optional or defined
">
      <![CDATA[org.testng.TestNGException: 
Parameter 'username' is required by @Test on method enter_Uname but has not been marked @Optional or defined

at java.util.ArrayList.forEach(ArrayList.java:1257)
... Removed 36 stack frames]]>
    </failure>
  </testcase> <!-- enter_Uname -->
  <testcase name="verifyPlaceOrderButton" time="0.0" classname="com.flipkart.TestCase.MyKartPageTest">
    <skipped/>
  </testcase> <!-- verifyPlaceOrderButton -->
  <testcase name="verifyDeliveryAddress" time="0.0" classname="com.flipkart.TestCase.PlaceOrderPageTest">
    <skipped/>
  </testcase> <!-- verifyDeliveryAddress -->
</testsuite> <!-- Command line test -->
