-------------------------------------------------------------------------------
Test set: com.qa_academy.TestCase.LandingPageTest
-------------------------------------------------------------------------------
Tests run: 1, Failures: 1, Errors: 0, Skipped: 0, Time elapsed: 1.251 sec <<< FAILURE!
LoginTest(com.qa_academy.TestCase.LandingPageTest)  Time elapsed: 0.963 sec  <<< FAILURE!
java.lang.NullPointerException
	at com.qa_academy.TestCase.LandingPageTest.LoginTest(LandingPageTest.java:18)

