<?xml version="1.0" encoding="UTF-8" ?>
<testsuite tests="1" failures="1" name="com.qa_academy.TestCase.LandingPageTest" time="0.963" errors="0" skipped="0">
  <properties>
[...]
</properties>
  <testcase classname="com.qa_academy.TestCase.LandingPageTest" name="LoginTest" time="0.963">
    <failure type="java.lang.NullPointerException">java.lang.NullPointerException
	at com.qa_academy.TestCase.LandingPageTest.LoginTest(LandingPageTest.java:18)
</failure>
    <system-out>Configuring TestNG with: org.apache.maven.surefire.testng.conf.TestNG652Configurator@2833cc44
</system-out>
  </testcase>
</testsuite>