<?xml version="1.0" encoding="UTF-8"?>
<testsuite xmlns:xsi="http://www.w3.org/2001/XMLSchema-instance" xsi:noNamespaceSchemaLocation="https://maven.apache.org/surefire/maven-surefire-plugin/xsd/surefire-test-report-3.0.xsd" version="3.0" name="TestSuite" time="76.534" tests="1" errors="0" skipped="0" failures="1">
  <properties>
[...]
</properties>
  <testcase name="feature" classname="cucumber_Options.TestRunner" time="74.821">
    <failure message="org.openqa.selenium.NoSuchElementException: no such element: Unable to locate element: {&quot;method&quot;:&quot;css selector&quot;,&quot;selector&quot;:&quot;*[name=&apos;query&apos;]&quot;}&#10;  (Session info: chrome=80.0.3987.106)&#10;For documentation on this error, please visit: https://www.seleniumhq.org/exceptions/no_such_element.html&#10;Build info: version: &apos;3.141.59&apos;, revision: &apos;e82be7d358&apos;, time: &apos;2018-11-14T08:17:03&apos;&#10;System info: host: &apos;DESKTOP-KD7RQOH&apos;, ip: &apos;192.168.1.14&apos;, os.name: &apos;Windows 10&apos;, os.arch: &apos;amd64&apos;, os.version: &apos;10.0&apos;, java.version: &apos;11.0.5&apos;&#10;Driver info: org.openqa.selenium.chrome.ChromeDriver&#10;Capabilities {acceptInsecureCerts: false, browserName: chrome, browserVersion: 80.0.3987.106, chrome: {chromedriverVersion: 80.0.3987.106 (f68069574609..., userDataDir: C:\Users\selvi\AppData\Loca...}, goog:chromeOptions: {debuggerAddress: localhost:54188}, javascriptEnabled: true, networkConnectionEnabled: false, pageLoadStrategy: normal, platform: WINDOWS, platformName: WINDOWS, proxy: Proxy(), setWindowRect: true, strictFileInteractability: false, timeouts: {implicit: 0, pageLoad: 300000, script: 30000}, unhandledPromptBehavior: dismiss and notify}&#10;Session ID: f4b321a7f0eb45e138abf93932e2681a&#10;*** Element info: {Using=name, value=query}" type="cucumber.runtime.CucumberException"><![CDATA[cucumber.runtime.CucumberException: 
org.openqa.selenium.NoSuchElementException: no such element: Unable to locate element: {"method":"css selector","selector":"*[name='query']"}
  (Session info: chrome=80.0.3987.106)
For documentation on this error, please visit: https://www.seleniumhq.org/exceptions/no_such_element.html
Build info: version: '3.141.59', revision: 'e82be7d358', time: '2018-11-14T08:17:03'
System info: host: 'DESKTOP-KD7RQOH', ip: '192.168.1.14', os.name: 'Windows 10', os.arch: 'amd64', os.version: '10.0', java.version: '11.0.5'
Driver info: org.openqa.selenium.chrome.ChromeDriver
Capabilities {acceptInsecureCerts: false, browserName: chrome, browserVersion: 80.0.3987.106, chrome: {chromedriverVersion: 80.0.3987.106 (f68069574609..., userDataDir: C:\Users\selvi\AppData\Loca...}, goog:chromeOptions: {debuggerAddress: localhost:54188}, javascriptEnabled: true, networkConnectionEnabled: false, pageLoadStrategy: normal, platform: WINDOWS, platformName: WINDOWS, proxy: Proxy(), setWindowRect: true, strictFileInteractability: false, timeouts: {implicit: 0, pageLoad: 300000, script: 30000}, unhandledPromptBehavior: dismiss and notify}
Session ID: f4b321a7f0eb45e138abf93932e2681a
*** Element info: {Using=name, value=query}
Caused by: org.openqa.selenium.NoSuchElementException: 
no such element: Unable to locate element: {"method":"css selector","selector":"*[name='query']"}
  (Session info: chrome=80.0.3987.106)
For documentation on this error, please visit: https://www.seleniumhq.org/exceptions/no_such_element.html
Build info: version: '3.141.59', revision: 'e82be7d358', time: '2018-11-14T08:17:03'
System info: host: 'DESKTOP-KD7RQOH', ip: '192.168.1.14', os.name: 'Windows 10', os.arch: 'amd64', os.version: '10.0', java.version: '11.0.5'
Driver info: org.openqa.selenium.chrome.ChromeDriver
Capabilities {acceptInsecureCerts: false, browserName: chrome, browserVersion: 80.0.3987.106, chrome: {chromedriverVersion: 80.0.3987.106 (f68069574609..., userDataDir: C:\Users\selvi\AppData\Loca...}, goog:chromeOptions: {debuggerAddress: localhost:54188}, javascriptEnabled: true, networkConnectionEnabled: false, pageLoadStrategy: normal, platform: WINDOWS, platformName: WINDOWS, proxy: Proxy(), setWindowRect: true, strictFileInteractability: false, timeouts: {implicit: 0, pageLoad: 300000, script: 30000}, unhandledPromptBehavior: dismiss and notify}
Session ID: f4b321a7f0eb45e138abf93932e2681a
*** Element info: {Using=name, value=query}
]]></failure>
    <system-err><![CDATA[Starting ChromeDriver 80.0.3987.106 (f68069574609230cf9b635cd784cfb1bf81bb53a-refs/branch-heads/3987@{#882}) on port 43221
Only local connections are allowed.
Please protect ports used by ChromeDriver and related test frameworks to prevent access by malicious code.
[1591886626.487][WARNING]: Timed out connecting to Chrome, retrying...
Jun 11, 2020 7:43:48 AM org.openqa.selenium.remote.ProtocolHandshake createSession
INFO: Detected dialect: W3C
[1591886629.153][SEVERE]: Timed out receiving message from renderer: 0.100
[1591886629.259][SEVERE]: Timed out receiving message from renderer: 0.100
[1591886632.718][WARNING]: Timed out connecting to Chrome, retrying...
[1591886637.865][SEVERE]: Timed out receiving message from renderer: 0.100
[1591886637.976][SEVERE]: Timed out receiving message from renderer: 0.100
[1591886638.079][SEVERE]: Timed out receiving message from renderer: 0.100
[1591886638.181][SEVERE]: Timed out receiving message from renderer: 0.100
[1591886638.284][SEVERE]: Timed out receiving message from renderer: 0.100
[1591886638.422][SEVERE]: Timed out receiving message from renderer: 0.100
[1591886638.532][SEVERE]: Timed out receiving message from renderer: 0.100
[1591886638.633][SEVERE]: Timed out receiving message from renderer: 0.100
[1591886638.735][SEVERE]: Timed out receiving message from renderer: 0.100
[1591886638.836][SEVERE]: Timed out receiving message from renderer: 0.100
[1591886647.797][SEVERE]: Timed out receiving message from renderer: 0.100
[1591886647.901][SEVERE]: Timed out receiving message from renderer: 0.100
[1591886648.500][SEVERE]: Timed out receiving message from renderer: 0.100
[1591886648.660][SEVERE]: Timed out receiving message from renderer: 0.100
Starting ChromeDriver 80.0.3987.106 (f68069574609230cf9b635cd784cfb1bf81bb53a-refs/branch-heads/3987@{#882}) on port 4561
Only local connections are allowed.
Please protect ports used by ChromeDriver and related test frameworks to prevent access by malicious code.
[1591886652.433][WARNING]: Timed out connecting to Chrome, retrying...
Jun 11, 2020 7:44:14 AM org.openqa.selenium.remote.ProtocolHandshake createSession
INFO: Detected dialect: W3C
[1591886654.911][SEVERE]: Timed out receiving message from renderer: 0.100
[1591886655.013][SEVERE]: Timed out receiving message from renderer: 0.100
[1591886658.560][WARNING]: Timed out connecting to Chrome, retrying...
[1591886663.990][SEVERE]: Timed out receiving message from renderer: 0.100
[1591886664.092][SEVERE]: Timed out receiving message from renderer: 0.100
[1591886664.194][SEVERE]: Timed out receiving message from renderer: 0.100
[1591886664.296][SEVERE]: Timed out receiving message from renderer: 0.100
[1591886664.401][SEVERE]: Timed out receiving message from renderer: 0.100
[1591886664.506][SEVERE]: Timed out receiving message from renderer: 0.100
[1591886664.613][SEVERE]: Timed out receiving message from renderer: 0.100
[1591886664.719][SEVERE]: Timed out receiving message from renderer: 0.100
[1591886664.821][SEVERE]: Timed out receiving message from renderer: 0.100
]]></system-err>
  </testcase>
</testsuite>