<?xml version="1.0" encoding="UTF-8"?>
<!-- Generated by org.testng.reporters.JUnitXMLReporter -->
<testsuite ignored="0" hostname="DESKTOP-KD7RQOH" failures="0" tests="3" name="Default test" time="0.098" errors="0" timestamp="2020-06-09T23:06:58 PDT">
  <testcase classname="TestNG_FrameWork.Car_Loan" name="carapi_Login" time="0.012"/>
  <testcase classname="TestNG_FrameWork.Car_Loan" name="carmobile_Login" time="0.004"/>
  <testcase classname="TestNG_FrameWork.Car_Loan" name="carweb_Login" time="0.003"/>
</testsuite> <!-- Default test -->
