<?xml version="1.0" encoding="UTF-8"?>
<testng-results ignored="7" total="10" passed="3" failed="0" skipped="0">
  <reporter-output>
  </reporter-output>
  <suite started-at="2020-06-24T21:55:09 PDT" name="Loan Department" finished-at="2020-06-24T21:55:09 PDT" duration-ms="231">
    <groups>
      <group name="Smoke">
        <method signature="Car_Loan.carmobile_Login()[pri:0, instance:TestNG_FrameWork.Car_Loan@2898ac89]" name="carmobile_Login" class="TestNG_FrameWork.Car_Loan"/>
        <method signature="Home_Loan.homemobile_Login()[pri:0, instance:TestNG_FrameWork.Home_Loan@683dbc2c]" name="homemobile_Login" class="TestNG_FrameWork.Home_Loan"/>
        <method signature="Sample.samp2()[pri:0, instance:TestNG_FrameWork.Sample@6e509ffa]" name="samp2" class="TestNG_FrameWork.Sample"/>
      </group> <!-- Smoke -->
    </groups>
    <test started-at="2020-06-24T21:55:09 PDT" name="Regression" finished-at="2020-06-24T21:55:09 PDT" duration-ms="231">
      <class name="TestNG_FrameWork.Car_Loan">
        <test-method signature="carmobile_Login()[pri:0, instance:TestNG_FrameWork.Car_Loan@2898ac89]" started-at="2020-06-24T21:55:09 PDT" name="carmobile_Login" finished-at="2020-06-24T21:55:09 PDT" duration-ms="5" status="PASS">
          <reporter-output>
          </reporter-output>
        </test-method> <!-- carmobile_Login -->
      </class> <!-- TestNG_FrameWork.Car_Loan -->
      <class name="TestNG_FrameWork.Home_Loan">
        <test-method signature="homemobile_Login()[pri:0, instance:TestNG_FrameWork.Home_Loan@683dbc2c]" started-at="2020-06-24T21:55:09 PDT" name="homemobile_Login" finished-at="2020-06-24T21:55:09 PDT" duration-ms="5" status="PASS">
          <reporter-output>
          </reporter-output>
        </test-method> <!-- homemobile_Login -->
      </class> <!-- TestNG_FrameWork.Home_Loan -->
      <class name="TestNG_FrameWork.Sample">
        <test-method signature="samp2()[pri:0, instance:TestNG_FrameWork.Sample@6e509ffa]" started-at="2020-06-24T21:55:09 PDT" name="samp2" finished-at="2020-06-24T21:55:09 PDT" duration-ms="57" status="PASS">
          <reporter-output>
          </reporter-output>
        </test-method> <!-- samp2 -->
      </class> <!-- TestNG_FrameWork.Sample -->
    </test> <!-- Regression -->
  </suite> <!-- Loan Department -->
</testng-results>
